Determining if the pthread_create exist failed with the following output:
Change Dir: /media/user/Data/Documents/C-Cpp/C/Terrain/build-ogl-master-Desktop-Default/CMakeFiles/CMakeTmp

Run Build Command:"/usr/bin/make" "cmTC_e8cfc/fast"
/usr/bin/make -f CMakeFiles/cmTC_e8cfc.dir/build.make CMakeFiles/cmTC_e8cfc.dir/build
make[1]: Entering directory '/media/user/Data/Documents/C-Cpp/C/Terrain/build-ogl-master-Desktop-Default/CMakeFiles/CMakeTmp'
Building C object CMakeFiles/cmTC_e8cfc.dir/CheckSymbolExists.c.o
/usr/bin/gcc    -o CMakeFiles/cmTC_e8cfc.dir/CheckSymbolExists.c.o   -c /media/user/Data/Documents/C-Cpp/C/Terrain/build-ogl-master-Desktop-Default/CMakeFiles/CMakeTmp/CheckSymbolExists.c
Linking C executable cmTC_e8cfc
/usr/bin/cmake -E cmake_link_script CMakeFiles/cmTC_e8cfc.dir/link.txt --verbose=1
/usr/bin/gcc      -rdynamic CMakeFiles/cmTC_e8cfc.dir/CheckSymbolExists.c.o  -o cmTC_e8cfc 
/usr/bin/ld: CMakeFiles/cmTC_e8cfc.dir/CheckSymbolExists.c.o: in function `main':
CheckSymbolExists.c:(.text+0x1b): undefined reference to `pthread_create'
collect2: error: ld returned 1 exit status
make[1]: *** [CMakeFiles/cmTC_e8cfc.dir/build.make:87: cmTC_e8cfc] Error 1
make[1]: Leaving directory '/media/user/Data/Documents/C-Cpp/C/Terrain/build-ogl-master-Desktop-Default/CMakeFiles/CMakeTmp'
make: *** [Makefile:121: cmTC_e8cfc/fast] Error 2

File /media/user/Data/Documents/C-Cpp/C/Terrain/build-ogl-master-Desktop-Default/CMakeFiles/CMakeTmp/CheckSymbolExists.c:
/* */
#include <pthread.h>

int main(int argc, char** argv)
{
  (void)argv;
#ifndef pthread_create
  return ((int*)(&pthread_create))[argc];
#else
  (void)argc;
  return 0;
#endif
}

Determining if the function pthread_create exists in the pthreads failed with the following output:
Change Dir: /media/user/Data/Documents/C-Cpp/C/Terrain/build-ogl-master-Desktop-Default/CMakeFiles/CMakeTmp

Run Build Command:"/usr/bin/make" "cmTC_940ae/fast"
/usr/bin/make -f CMakeFiles/cmTC_940ae.dir/build.make CMakeFiles/cmTC_940ae.dir/build
make[1]: Entering directory '/media/user/Data/Documents/C-Cpp/C/Terrain/build-ogl-master-Desktop-Default/CMakeFiles/CMakeTmp'
Building C object CMakeFiles/cmTC_940ae.dir/CheckFunctionExists.c.o
/usr/bin/gcc   -DCHECK_FUNCTION_EXISTS=pthread_create   -o CMakeFiles/cmTC_940ae.dir/CheckFunctionExists.c.o   -c /usr/share/cmake-3.12/Modules/CheckFunctionExists.c
Linking C executable cmTC_940ae
/usr/bin/cmake -E cmake_link_script CMakeFiles/cmTC_940ae.dir/link.txt --verbose=1
/usr/bin/gcc  -DCHECK_FUNCTION_EXISTS=pthread_create    -rdynamic CMakeFiles/cmTC_940ae.dir/CheckFunctionExists.c.o  -o cmTC_940ae -lpthreads 
/usr/bin/ld: cannot find -lpthreads
collect2: error: ld returned 1 exit status
make[1]: *** [CMakeFiles/cmTC_940ae.dir/build.make:87: cmTC_940ae] Error 1
make[1]: Leaving directory '/media/user/Data/Documents/C-Cpp/C/Terrain/build-ogl-master-Desktop-Default/CMakeFiles/CMakeTmp'
make: *** [Makefile:121: cmTC_940ae/fast] Error 2


