The system is: Linux - 4.18.0-25-generic - x86_64
Compiling the C compiler identification source file "CMakeCCompilerId.c" succeeded.
Compiler: /usr/bin/gcc 
Build flags: 
Id flags:  

The output was:
0


Compilation of the C compiler identification source "CMakeCCompilerId.c" produced "a.out"

The C compiler identification is GNU, found in "/media/user/Data/Documents/C-Cpp/C/Terrain/build-ogl-master-Desktop-Default/CMakeFiles/3.12.1/CompilerIdC/a.out"

Compiling the CXX compiler identification source file "CMakeCXXCompilerId.cpp" succeeded.
Compiler: /usr/bin/g++ 
Build flags: 
Id flags:  

The output was:
0


Compilation of the CXX compiler identification source "CMakeCXXCompilerId.cpp" produced "a.out"

The CXX compiler identification is GNU, found in "/media/user/Data/Documents/C-Cpp/C/Terrain/build-ogl-master-Desktop-Default/CMakeFiles/3.12.1/CompilerIdCXX/a.out"

Determining if the C compiler works passed with the following output:
Change Dir: /media/user/Data/Documents/C-Cpp/C/Terrain/build-ogl-master-Desktop-Default/CMakeFiles/CMakeTmp

Run Build Command:"/usr/bin/make" "cmTC_eb9e2/fast"
/usr/bin/make -f CMakeFiles/cmTC_eb9e2.dir/build.make CMakeFiles/cmTC_eb9e2.dir/build
make[1]: Entering directory '/media/user/Data/Documents/C-Cpp/C/Terrain/build-ogl-master-Desktop-Default/CMakeFiles/CMakeTmp'
Building C object CMakeFiles/cmTC_eb9e2.dir/testCCompiler.c.o
/usr/bin/gcc    -o CMakeFiles/cmTC_eb9e2.dir/testCCompiler.c.o   -c /media/user/Data/Documents/C-Cpp/C/Terrain/build-ogl-master-Desktop-Default/CMakeFiles/CMakeTmp/testCCompiler.c
Linking C executable cmTC_eb9e2
/usr/bin/cmake -E cmake_link_script CMakeFiles/cmTC_eb9e2.dir/link.txt --verbose=1
/usr/bin/gcc      -rdynamic CMakeFiles/cmTC_eb9e2.dir/testCCompiler.c.o  -o cmTC_eb9e2 
make[1]: Leaving directory '/media/user/Data/Documents/C-Cpp/C/Terrain/build-ogl-master-Desktop-Default/CMakeFiles/CMakeTmp'


Detecting C compiler ABI info compiled with the following output:
Change Dir: /media/user/Data/Documents/C-Cpp/C/Terrain/build-ogl-master-Desktop-Default/CMakeFiles/CMakeTmp

Run Build Command:"/usr/bin/make" "cmTC_efc5b/fast"
/usr/bin/make -f CMakeFiles/cmTC_efc5b.dir/build.make CMakeFiles/cmTC_efc5b.dir/build
make[1]: Entering directory '/media/user/Data/Documents/C-Cpp/C/Terrain/build-ogl-master-Desktop-Default/CMakeFiles/CMakeTmp'
Building C object CMakeFiles/cmTC_efc5b.dir/CMakeCCompilerABI.c.o
/usr/bin/gcc    -o CMakeFiles/cmTC_efc5b.dir/CMakeCCompilerABI.c.o   -c /usr/share/cmake-3.12/Modules/CMakeCCompilerABI.c
Linking C executable cmTC_efc5b
/usr/bin/cmake -E cmake_link_script CMakeFiles/cmTC_efc5b.dir/link.txt --verbose=1
/usr/bin/gcc     -v -rdynamic CMakeFiles/cmTC_efc5b.dir/CMakeCCompilerABI.c.o  -o cmTC_efc5b 
Using built-in specs.
COLLECT_GCC=/usr/bin/gcc
COLLECT_LTO_WRAPPER=/usr/lib/gcc/x86_64-linux-gnu/8/lto-wrapper
OFFLOAD_TARGET_NAMES=nvptx-none
OFFLOAD_TARGET_DEFAULT=1
Target: x86_64-linux-gnu
Configured with: ../src/configure -v --with-pkgversion='Ubuntu 8.3.0-6ubuntu1~18.10.1' --with-bugurl=file:///usr/share/doc/gcc-8/README.Bugs --enable-languages=c,ada,c++,go,brig,d,fortran,objc,obj-c++ --prefix=/usr --with-gcc-major-version-only --program-suffix=-8 --program-prefix=x86_64-linux-gnu- --enable-shared --enable-linker-build-id --libexecdir=/usr/lib --without-included-gettext --enable-threads=posix --libdir=/usr/lib --enable-nls --enable-bootstrap --enable-clocale=gnu --enable-libstdcxx-debug --enable-libstdcxx-time=yes --with-default-libstdcxx-abi=new --enable-gnu-unique-object --disable-vtable-verify --enable-libmpx --enable-plugin --enable-default-pie --with-system-zlib --with-target-system-zlib --enable-objc-gc=auto --enable-multiarch --disable-werror --with-arch-32=i686 --with-abi=m64 --with-multilib-list=m32,m64,mx32 --enable-multilib --with-tune=generic --enable-offload-targets=nvptx-none --without-cuda-driver --enable-checking=release --build=x86_64-linux-gnu --host=x86_64-linux-gnu --target=x86_64-linux-gnu
Thread model: posix
gcc version 8.3.0 (Ubuntu 8.3.0-6ubuntu1~18.10.1) 
COMPILER_PATH=/usr/lib/gcc/x86_64-linux-gnu/8/:/usr/lib/gcc/x86_64-linux-gnu/8/:/usr/lib/gcc/x86_64-linux-gnu/:/usr/lib/gcc/x86_64-linux-gnu/8/:/usr/lib/gcc/x86_64-linux-gnu/
LIBRARY_PATH=/usr/lib/gcc/x86_64-linux-gnu/8/:/usr/lib/gcc/x86_64-linux-gnu/8/../../../x86_64-linux-gnu/:/usr/lib/gcc/x86_64-linux-gnu/8/../../../../lib/:/lib/x86_64-linux-gnu/:/lib/../lib/:/usr/lib/x86_64-linux-gnu/:/usr/lib/../lib/:/usr/lib/gcc/x86_64-linux-gnu/8/../../../:/lib/:/usr/lib/
COLLECT_GCC_OPTIONS='-v' '-rdynamic' '-o' 'cmTC_efc5b' '-mtune=generic' '-march=x86-64'
 /usr/lib/gcc/x86_64-linux-gnu/8/collect2 -plugin /usr/lib/gcc/x86_64-linux-gnu/8/liblto_plugin.so -plugin-opt=/usr/lib/gcc/x86_64-linux-gnu/8/lto-wrapper -plugin-opt=-fresolution=/tmp/ccTGPuBI.res -plugin-opt=-pass-through=-lgcc -plugin-opt=-pass-through=-lgcc_s -plugin-opt=-pass-through=-lc -plugin-opt=-pass-through=-lgcc -plugin-opt=-pass-through=-lgcc_s --build-id --eh-frame-hdr -m elf_x86_64 --hash-style=gnu --as-needed -export-dynamic -dynamic-linker /lib64/ld-linux-x86-64.so.2 -pie -z now -z relro -o cmTC_efc5b /usr/lib/gcc/x86_64-linux-gnu/8/../../../x86_64-linux-gnu/Scrt1.o /usr/lib/gcc/x86_64-linux-gnu/8/../../../x86_64-linux-gnu/crti.o /usr/lib/gcc/x86_64-linux-gnu/8/crtbeginS.o -L/usr/lib/gcc/x86_64-linux-gnu/8 -L/usr/lib/gcc/x86_64-linux-gnu/8/../../../x86_64-linux-gnu -L/usr/lib/gcc/x86_64-linux-gnu/8/../../../../lib -L/lib/x86_64-linux-gnu -L/lib/../lib -L/usr/lib/x86_64-linux-gnu -L/usr/lib/../lib -L/usr/lib/gcc/x86_64-linux-gnu/8/../../.. CMakeFiles/cmTC_efc5b.dir/CMakeCCompilerABI.c.o -lgcc --push-state --as-needed -lgcc_s --pop-state -lc -lgcc --push-state --as-needed -lgcc_s --pop-state /usr/lib/gcc/x86_64-linux-gnu/8/crtendS.o /usr/lib/gcc/x86_64-linux-gnu/8/../../../x86_64-linux-gnu/crtn.o
COLLECT_GCC_OPTIONS='-v' '-rdynamic' '-o' 'cmTC_efc5b' '-mtune=generic' '-march=x86-64'
make[1]: Leaving directory '/media/user/Data/Documents/C-Cpp/C/Terrain/build-ogl-master-Desktop-Default/CMakeFiles/CMakeTmp'


Parsed C implicit link information from above output:
  link line regex: [^( *|.*[/\])(ld|CMAKE_LINK_STARTFILE-NOTFOUND|([^/\]+-)?ld|collect2)[^/\]*( |$)]
  ignore line: [Change Dir: /media/user/Data/Documents/C-Cpp/C/Terrain/build-ogl-master-Desktop-Default/CMakeFiles/CMakeTmp]
  ignore line: []
  ignore line: [Run Build Command:"/usr/bin/make" "cmTC_efc5b/fast"]
  ignore line: [/usr/bin/make -f CMakeFiles/cmTC_efc5b.dir/build.make CMakeFiles/cmTC_efc5b.dir/build]
  ignore line: [make[1]: Entering directory '/media/user/Data/Documents/C-Cpp/C/Terrain/build-ogl-master-Desktop-Default/CMakeFiles/CMakeTmp']
  ignore line: [Building C object CMakeFiles/cmTC_efc5b.dir/CMakeCCompilerABI.c.o]
  ignore line: [/usr/bin/gcc    -o CMakeFiles/cmTC_efc5b.dir/CMakeCCompilerABI.c.o   -c /usr/share/cmake-3.12/Modules/CMakeCCompilerABI.c]
  ignore line: [Linking C executable cmTC_efc5b]
  ignore line: [/usr/bin/cmake -E cmake_link_script CMakeFiles/cmTC_efc5b.dir/link.txt --verbose=1]
  ignore line: [/usr/bin/gcc     -v -rdynamic CMakeFiles/cmTC_efc5b.dir/CMakeCCompilerABI.c.o  -o cmTC_efc5b ]
  ignore line: [Using built-in specs.]
  ignore line: [COLLECT_GCC=/usr/bin/gcc]
  ignore line: [COLLECT_LTO_WRAPPER=/usr/lib/gcc/x86_64-linux-gnu/8/lto-wrapper]
  ignore line: [OFFLOAD_TARGET_NAMES=nvptx-none]
  ignore line: [OFFLOAD_TARGET_DEFAULT=1]
  ignore line: [Target: x86_64-linux-gnu]
  ignore line: [Configured with: ../src/configure -v --with-pkgversion='Ubuntu 8.3.0-6ubuntu1~18.10.1' --with-bugurl=file:///usr/share/doc/gcc-8/README.Bugs --enable-languages=c,ada,c++,go,brig,d,fortran,objc,obj-c++ --prefix=/usr --with-gcc-major-version-only --program-suffix=-8 --program-prefix=x86_64-linux-gnu- --enable-shared --enable-linker-build-id --libexecdir=/usr/lib --without-included-gettext --enable-threads=posix --libdir=/usr/lib --enable-nls --enable-bootstrap --enable-clocale=gnu --enable-libstdcxx-debug --enable-libstdcxx-time=yes --with-default-libstdcxx-abi=new --enable-gnu-unique-object --disable-vtable-verify --enable-libmpx --enable-plugin --enable-default-pie --with-system-zlib --with-target-system-zlib --enable-objc-gc=auto --enable-multiarch --disable-werror --with-arch-32=i686 --with-abi=m64 --with-multilib-list=m32,m64,mx32 --enable-multilib --with-tune=generic --enable-offload-targets=nvptx-none --without-cuda-driver --enable-checking=release --build=x86_64-linux-gnu --host=x86_64-linux-gnu --target=x86_64-linux-gnu]
  ignore line: [Thread model: posix]
  ignore line: [gcc version 8.3.0 (Ubuntu 8.3.0-6ubuntu1~18.10.1) ]
  ignore line: [COMPILER_PATH=/usr/lib/gcc/x86_64-linux-gnu/8/:/usr/lib/gcc/x86_64-linux-gnu/8/:/usr/lib/gcc/x86_64-linux-gnu/:/usr/lib/gcc/x86_64-linux-gnu/8/:/usr/lib/gcc/x86_64-linux-gnu/]
  ignore line: [LIBRARY_PATH=/usr/lib/gcc/x86_64-linux-gnu/8/:/usr/lib/gcc/x86_64-linux-gnu/8/../../../x86_64-linux-gnu/:/usr/lib/gcc/x86_64-linux-gnu/8/../../../../lib/:/lib/x86_64-linux-gnu/:/lib/../lib/:/usr/lib/x86_64-linux-gnu/:/usr/lib/../lib/:/usr/lib/gcc/x86_64-linux-gnu/8/../../../:/lib/:/usr/lib/]
  ignore line: [COLLECT_GCC_OPTIONS='-v' '-rdynamic' '-o' 'cmTC_efc5b' '-mtune=generic' '-march=x86-64']
  link line: [ /usr/lib/gcc/x86_64-linux-gnu/8/collect2 -plugin /usr/lib/gcc/x86_64-linux-gnu/8/liblto_plugin.so -plugin-opt=/usr/lib/gcc/x86_64-linux-gnu/8/lto-wrapper -plugin-opt=-fresolution=/tmp/ccTGPuBI.res -plugin-opt=-pass-through=-lgcc -plugin-opt=-pass-through=-lgcc_s -plugin-opt=-pass-through=-lc -plugin-opt=-pass-through=-lgcc -plugin-opt=-pass-through=-lgcc_s --build-id --eh-frame-hdr -m elf_x86_64 --hash-style=gnu --as-needed -export-dynamic -dynamic-linker /lib64/ld-linux-x86-64.so.2 -pie -z now -z relro -o cmTC_efc5b /usr/lib/gcc/x86_64-linux-gnu/8/../../../x86_64-linux-gnu/Scrt1.o /usr/lib/gcc/x86_64-linux-gnu/8/../../../x86_64-linux-gnu/crti.o /usr/lib/gcc/x86_64-linux-gnu/8/crtbeginS.o -L/usr/lib/gcc/x86_64-linux-gnu/8 -L/usr/lib/gcc/x86_64-linux-gnu/8/../../../x86_64-linux-gnu -L/usr/lib/gcc/x86_64-linux-gnu/8/../../../../lib -L/lib/x86_64-linux-gnu -L/lib/../lib -L/usr/lib/x86_64-linux-gnu -L/usr/lib/../lib -L/usr/lib/gcc/x86_64-linux-gnu/8/../../.. CMakeFiles/cmTC_efc5b.dir/CMakeCCompilerABI.c.o -lgcc --push-state --as-needed -lgcc_s --pop-state -lc -lgcc --push-state --as-needed -lgcc_s --pop-state /usr/lib/gcc/x86_64-linux-gnu/8/crtendS.o /usr/lib/gcc/x86_64-linux-gnu/8/../../../x86_64-linux-gnu/crtn.o]
    arg [/usr/lib/gcc/x86_64-linux-gnu/8/collect2] ==> ignore
    arg [-plugin] ==> ignore
    arg [/usr/lib/gcc/x86_64-linux-gnu/8/liblto_plugin.so] ==> ignore
    arg [-plugin-opt=/usr/lib/gcc/x86_64-linux-gnu/8/lto-wrapper] ==> ignore
    arg [-plugin-opt=-fresolution=/tmp/ccTGPuBI.res] ==> ignore
    arg [-plugin-opt=-pass-through=-lgcc] ==> ignore
    arg [-plugin-opt=-pass-through=-lgcc_s] ==> ignore
    arg [-plugin-opt=-pass-through=-lc] ==> ignore
    arg [-plugin-opt=-pass-through=-lgcc] ==> ignore
    arg [-plugin-opt=-pass-through=-lgcc_s] ==> ignore
    arg [--build-id] ==> ignore
    arg [--eh-frame-hdr] ==> ignore
    arg [-m] ==> ignore
    arg [elf_x86_64] ==> ignore
    arg [--hash-style=gnu] ==> ignore
    arg [--as-needed] ==> ignore
    arg [-export-dynamic] ==> ignore
    arg [-dynamic-linker] ==> ignore
    arg [/lib64/ld-linux-x86-64.so.2] ==> ignore
    arg [-pie] ==> ignore
    arg [-znow] ==> ignore
    arg [-zrelro] ==> ignore
    arg [-o] ==> ignore
    arg [cmTC_efc5b] ==> ignore
    arg [/usr/lib/gcc/x86_64-linux-gnu/8/../../../x86_64-linux-gnu/Scrt1.o] ==> ignore
    arg [/usr/lib/gcc/x86_64-linux-gnu/8/../../../x86_64-linux-gnu/crti.o] ==> ignore
    arg [/usr/lib/gcc/x86_64-linux-gnu/8/crtbeginS.o] ==> ignore
    arg [-L/usr/lib/gcc/x86_64-linux-gnu/8] ==> dir [/usr/lib/gcc/x86_64-linux-gnu/8]
    arg [-L/usr/lib/gcc/x86_64-linux-gnu/8/../../../x86_64-linux-gnu] ==> dir [/usr/lib/gcc/x86_64-linux-gnu/8/../../../x86_64-linux-gnu]
    arg [-L/usr/lib/gcc/x86_64-linux-gnu/8/../../../../lib] ==> dir [/usr/lib/gcc/x86_64-linux-gnu/8/../../../../lib]
    arg [-L/lib/x86_64-linux-gnu] ==> dir [/lib/x86_64-linux-gnu]
    arg [-L/lib/../lib] ==> dir [/lib/../lib]
    arg [-L/usr/lib/x86_64-linux-gnu] ==> dir [/usr/lib/x86_64-linux-gnu]
    arg [-L/usr/lib/../lib] ==> dir [/usr/lib/../lib]
    arg [-L/usr/lib/gcc/x86_64-linux-gnu/8/../../..] ==> dir [/usr/lib/gcc/x86_64-linux-gnu/8/../../..]
    arg [CMakeFiles/cmTC_efc5b.dir/CMakeCCompilerABI.c.o] ==> ignore
    arg [-lgcc] ==> lib [gcc]
    arg [--push-state] ==> ignore
    arg [--as-needed] ==> ignore
    arg [-lgcc_s] ==> lib [gcc_s]
    arg [--pop-state] ==> ignore
    arg [-lc] ==> lib [c]
    arg [-lgcc] ==> lib [gcc]
    arg [--push-state] ==> ignore
    arg [--as-needed] ==> ignore
    arg [-lgcc_s] ==> lib [gcc_s]
    arg [--pop-state] ==> ignore
    arg [/usr/lib/gcc/x86_64-linux-gnu/8/crtendS.o] ==> ignore
    arg [/usr/lib/gcc/x86_64-linux-gnu/8/../../../x86_64-linux-gnu/crtn.o] ==> ignore
  collapse library dir [/usr/lib/gcc/x86_64-linux-gnu/8] ==> [/usr/lib/gcc/x86_64-linux-gnu/8]
  collapse library dir [/usr/lib/gcc/x86_64-linux-gnu/8/../../../x86_64-linux-gnu] ==> [/usr/lib/x86_64-linux-gnu]
  collapse library dir [/usr/lib/gcc/x86_64-linux-gnu/8/../../../../lib] ==> [/usr/lib]
  collapse library dir [/lib/x86_64-linux-gnu] ==> [/lib/x86_64-linux-gnu]
  collapse library dir [/lib/../lib] ==> [/lib]
  collapse library dir [/usr/lib/x86_64-linux-gnu] ==> [/usr/lib/x86_64-linux-gnu]
  collapse library dir [/usr/lib/../lib] ==> [/usr/lib]
  collapse library dir [/usr/lib/gcc/x86_64-linux-gnu/8/../../..] ==> [/usr/lib]
  implicit libs: [gcc;gcc_s;c;gcc;gcc_s]
  implicit dirs: [/usr/lib/gcc/x86_64-linux-gnu/8;/usr/lib/x86_64-linux-gnu;/usr/lib;/lib/x86_64-linux-gnu;/lib]
  implicit fwks: []




Detecting C [-std=c11] compiler features compiled with the following output:
Change Dir: /media/user/Data/Documents/C-Cpp/C/Terrain/build-ogl-master-Desktop-Default/CMakeFiles/CMakeTmp

Run Build Command:"/usr/bin/make" "cmTC_fc38a/fast"
/usr/bin/make -f CMakeFiles/cmTC_fc38a.dir/build.make CMakeFiles/cmTC_fc38a.dir/build
make[1]: Entering directory '/media/user/Data/Documents/C-Cpp/C/Terrain/build-ogl-master-Desktop-Default/CMakeFiles/CMakeTmp'
Building C object CMakeFiles/cmTC_fc38a.dir/feature_tests.c.o
/usr/bin/gcc   -std=c11 -o CMakeFiles/cmTC_fc38a.dir/feature_tests.c.o   -c /media/user/Data/Documents/C-Cpp/C/Terrain/build-ogl-master-Desktop-Default/CMakeFiles/feature_tests.c
Linking C executable cmTC_fc38a
/usr/bin/cmake -E cmake_link_script CMakeFiles/cmTC_fc38a.dir/link.txt --verbose=1
/usr/bin/gcc      -rdynamic CMakeFiles/cmTC_fc38a.dir/feature_tests.c.o  -o cmTC_fc38a 
make[1]: Leaving directory '/media/user/Data/Documents/C-Cpp/C/Terrain/build-ogl-master-Desktop-Default/CMakeFiles/CMakeTmp'


    Feature record: C_FEATURE:1c_function_prototypes
    Feature record: C_FEATURE:1c_restrict
    Feature record: C_FEATURE:1c_static_assert
    Feature record: C_FEATURE:1c_variadic_macros


Detecting C [-std=c99] compiler features compiled with the following output:
Change Dir: /media/user/Data/Documents/C-Cpp/C/Terrain/build-ogl-master-Desktop-Default/CMakeFiles/CMakeTmp

Run Build Command:"/usr/bin/make" "cmTC_6940a/fast"
/usr/bin/make -f CMakeFiles/cmTC_6940a.dir/build.make CMakeFiles/cmTC_6940a.dir/build
make[1]: Entering directory '/media/user/Data/Documents/C-Cpp/C/Terrain/build-ogl-master-Desktop-Default/CMakeFiles/CMakeTmp'
Building C object CMakeFiles/cmTC_6940a.dir/feature_tests.c.o
/usr/bin/gcc   -std=c99 -o CMakeFiles/cmTC_6940a.dir/feature_tests.c.o   -c /media/user/Data/Documents/C-Cpp/C/Terrain/build-ogl-master-Desktop-Default/CMakeFiles/feature_tests.c
Linking C executable cmTC_6940a
/usr/bin/cmake -E cmake_link_script CMakeFiles/cmTC_6940a.dir/link.txt --verbose=1
/usr/bin/gcc      -rdynamic CMakeFiles/cmTC_6940a.dir/feature_tests.c.o  -o cmTC_6940a 
make[1]: Leaving directory '/media/user/Data/Documents/C-Cpp/C/Terrain/build-ogl-master-Desktop-Default/CMakeFiles/CMakeTmp'


    Feature record: C_FEATURE:1c_function_prototypes
    Feature record: C_FEATURE:1c_restrict
    Feature record: C_FEATURE:0c_static_assert
    Feature record: C_FEATURE:1c_variadic_macros


Detecting C [-std=c90] compiler features compiled with the following output:
Change Dir: /media/user/Data/Documents/C-Cpp/C/Terrain/build-ogl-master-Desktop-Default/CMakeFiles/CMakeTmp

Run Build Command:"/usr/bin/make" "cmTC_692bc/fast"
/usr/bin/make -f CMakeFiles/cmTC_692bc.dir/build.make CMakeFiles/cmTC_692bc.dir/build
make[1]: Entering directory '/media/user/Data/Documents/C-Cpp/C/Terrain/build-ogl-master-Desktop-Default/CMakeFiles/CMakeTmp'
Building C object CMakeFiles/cmTC_692bc.dir/feature_tests.c.o
/usr/bin/gcc   -std=c90 -o CMakeFiles/cmTC_692bc.dir/feature_tests.c.o   -c /media/user/Data/Documents/C-Cpp/C/Terrain/build-ogl-master-Desktop-Default/CMakeFiles/feature_tests.c
Linking C executable cmTC_692bc
/usr/bin/cmake -E cmake_link_script CMakeFiles/cmTC_692bc.dir/link.txt --verbose=1
/usr/bin/gcc      -rdynamic CMakeFiles/cmTC_692bc.dir/feature_tests.c.o  -o cmTC_692bc 
make[1]: Leaving directory '/media/user/Data/Documents/C-Cpp/C/Terrain/build-ogl-master-Desktop-Default/CMakeFiles/CMakeTmp'


    Feature record: C_FEATURE:1c_function_prototypes
    Feature record: C_FEATURE:0c_restrict
    Feature record: C_FEATURE:0c_static_assert
    Feature record: C_FEATURE:0c_variadic_macros
Determining if the CXX compiler works passed with the following output:
Change Dir: /media/user/Data/Documents/C-Cpp/C/Terrain/build-ogl-master-Desktop-Default/CMakeFiles/CMakeTmp

Run Build Command:"/usr/bin/make" "cmTC_d54f1/fast"
/usr/bin/make -f CMakeFiles/cmTC_d54f1.dir/build.make CMakeFiles/cmTC_d54f1.dir/build
make[1]: Entering directory '/media/user/Data/Documents/C-Cpp/C/Terrain/build-ogl-master-Desktop-Default/CMakeFiles/CMakeTmp'
Building CXX object CMakeFiles/cmTC_d54f1.dir/testCXXCompiler.cxx.o
/usr/bin/g++     -o CMakeFiles/cmTC_d54f1.dir/testCXXCompiler.cxx.o -c /media/user/Data/Documents/C-Cpp/C/Terrain/build-ogl-master-Desktop-Default/CMakeFiles/CMakeTmp/testCXXCompiler.cxx
Linking CXX executable cmTC_d54f1
/usr/bin/cmake -E cmake_link_script CMakeFiles/cmTC_d54f1.dir/link.txt --verbose=1
/usr/bin/g++       -rdynamic CMakeFiles/cmTC_d54f1.dir/testCXXCompiler.cxx.o  -o cmTC_d54f1 
make[1]: Leaving directory '/media/user/Data/Documents/C-Cpp/C/Terrain/build-ogl-master-Desktop-Default/CMakeFiles/CMakeTmp'


Detecting CXX compiler ABI info compiled with the following output:
Change Dir: /media/user/Data/Documents/C-Cpp/C/Terrain/build-ogl-master-Desktop-Default/CMakeFiles/CMakeTmp

Run Build Command:"/usr/bin/make" "cmTC_14c29/fast"
/usr/bin/make -f CMakeFiles/cmTC_14c29.dir/build.make CMakeFiles/cmTC_14c29.dir/build
make[1]: Entering directory '/media/user/Data/Documents/C-Cpp/C/Terrain/build-ogl-master-Desktop-Default/CMakeFiles/CMakeTmp'
Building CXX object CMakeFiles/cmTC_14c29.dir/CMakeCXXCompilerABI.cpp.o
/usr/bin/g++     -o CMakeFiles/cmTC_14c29.dir/CMakeCXXCompilerABI.cpp.o -c /usr/share/cmake-3.12/Modules/CMakeCXXCompilerABI.cpp
Linking CXX executable cmTC_14c29
/usr/bin/cmake -E cmake_link_script CMakeFiles/cmTC_14c29.dir/link.txt --verbose=1
/usr/bin/g++      -v -rdynamic CMakeFiles/cmTC_14c29.dir/CMakeCXXCompilerABI.cpp.o  -o cmTC_14c29 
Using built-in specs.
COLLECT_GCC=/usr/bin/g++
COLLECT_LTO_WRAPPER=/usr/lib/gcc/x86_64-linux-gnu/8/lto-wrapper
OFFLOAD_TARGET_NAMES=nvptx-none
OFFLOAD_TARGET_DEFAULT=1
Target: x86_64-linux-gnu
Configured with: ../src/configure -v --with-pkgversion='Ubuntu 8.3.0-6ubuntu1~18.10.1' --with-bugurl=file:///usr/share/doc/gcc-8/README.Bugs --enable-languages=c,ada,c++,go,brig,d,fortran,objc,obj-c++ --prefix=/usr --with-gcc-major-version-only --program-suffix=-8 --program-prefix=x86_64-linux-gnu- --enable-shared --enable-linker-build-id --libexecdir=/usr/lib --without-included-gettext --enable-threads=posix --libdir=/usr/lib --enable-nls --enable-bootstrap --enable-clocale=gnu --enable-libstdcxx-debug --enable-libstdcxx-time=yes --with-default-libstdcxx-abi=new --enable-gnu-unique-object --disable-vtable-verify --enable-libmpx --enable-plugin --enable-default-pie --with-system-zlib --with-target-system-zlib --enable-objc-gc=auto --enable-multiarch --disable-werror --with-arch-32=i686 --with-abi=m64 --with-multilib-list=m32,m64,mx32 --enable-multilib --with-tune=generic --enable-offload-targets=nvptx-none --without-cuda-driver --enable-checking=release --build=x86_64-linux-gnu --host=x86_64-linux-gnu --target=x86_64-linux-gnu
Thread model: posix
gcc version 8.3.0 (Ubuntu 8.3.0-6ubuntu1~18.10.1) 
COMPILER_PATH=/usr/lib/gcc/x86_64-linux-gnu/8/:/usr/lib/gcc/x86_64-linux-gnu/8/:/usr/lib/gcc/x86_64-linux-gnu/:/usr/lib/gcc/x86_64-linux-gnu/8/:/usr/lib/gcc/x86_64-linux-gnu/
LIBRARY_PATH=/usr/lib/gcc/x86_64-linux-gnu/8/:/usr/lib/gcc/x86_64-linux-gnu/8/../../../x86_64-linux-gnu/:/usr/lib/gcc/x86_64-linux-gnu/8/../../../../lib/:/lib/x86_64-linux-gnu/:/lib/../lib/:/usr/lib/x86_64-linux-gnu/:/usr/lib/../lib/:/usr/lib/gcc/x86_64-linux-gnu/8/../../../:/lib/:/usr/lib/
COLLECT_GCC_OPTIONS='-v' '-rdynamic' '-o' 'cmTC_14c29' '-shared-libgcc' '-mtune=generic' '-march=x86-64'
 /usr/lib/gcc/x86_64-linux-gnu/8/collect2 -plugin /usr/lib/gcc/x86_64-linux-gnu/8/liblto_plugin.so -plugin-opt=/usr/lib/gcc/x86_64-linux-gnu/8/lto-wrapper -plugin-opt=-fresolution=/tmp/ccZx54cD.res -plugin-opt=-pass-through=-lgcc_s -plugin-opt=-pass-through=-lgcc -plugin-opt=-pass-through=-lc -plugin-opt=-pass-through=-lgcc_s -plugin-opt=-pass-through=-lgcc --build-id --eh-frame-hdr -m elf_x86_64 --hash-style=gnu --as-needed -export-dynamic -dynamic-linker /lib64/ld-linux-x86-64.so.2 -pie -z now -z relro -o cmTC_14c29 /usr/lib/gcc/x86_64-linux-gnu/8/../../../x86_64-linux-gnu/Scrt1.o /usr/lib/gcc/x86_64-linux-gnu/8/../../../x86_64-linux-gnu/crti.o /usr/lib/gcc/x86_64-linux-gnu/8/crtbeginS.o -L/usr/lib/gcc/x86_64-linux-gnu/8 -L/usr/lib/gcc/x86_64-linux-gnu/8/../../../x86_64-linux-gnu -L/usr/lib/gcc/x86_64-linux-gnu/8/../../../../lib -L/lib/x86_64-linux-gnu -L/lib/../lib -L/usr/lib/x86_64-linux-gnu -L/usr/lib/../lib -L/usr/lib/gcc/x86_64-linux-gnu/8/../../.. CMakeFiles/cmTC_14c29.dir/CMakeCXXCompilerABI.cpp.o -lstdc++ -lm -lgcc_s -lgcc -lc -lgcc_s -lgcc /usr/lib/gcc/x86_64-linux-gnu/8/crtendS.o /usr/lib/gcc/x86_64-linux-gnu/8/../../../x86_64-linux-gnu/crtn.o
COLLECT_GCC_OPTIONS='-v' '-rdynamic' '-o' 'cmTC_14c29' '-shared-libgcc' '-mtune=generic' '-march=x86-64'
make[1]: Leaving directory '/media/user/Data/Documents/C-Cpp/C/Terrain/build-ogl-master-Desktop-Default/CMakeFiles/CMakeTmp'


Parsed CXX implicit link information from above output:
  link line regex: [^( *|.*[/\])(ld|CMAKE_LINK_STARTFILE-NOTFOUND|([^/\]+-)?ld|collect2)[^/\]*( |$)]
  ignore line: [Change Dir: /media/user/Data/Documents/C-Cpp/C/Terrain/build-ogl-master-Desktop-Default/CMakeFiles/CMakeTmp]
  ignore line: []
  ignore line: [Run Build Command:"/usr/bin/make" "cmTC_14c29/fast"]
  ignore line: [/usr/bin/make -f CMakeFiles/cmTC_14c29.dir/build.make CMakeFiles/cmTC_14c29.dir/build]
  ignore line: [make[1]: Entering directory '/media/user/Data/Documents/C-Cpp/C/Terrain/build-ogl-master-Desktop-Default/CMakeFiles/CMakeTmp']
  ignore line: [Building CXX object CMakeFiles/cmTC_14c29.dir/CMakeCXXCompilerABI.cpp.o]
  ignore line: [/usr/bin/g++     -o CMakeFiles/cmTC_14c29.dir/CMakeCXXCompilerABI.cpp.o -c /usr/share/cmake-3.12/Modules/CMakeCXXCompilerABI.cpp]
  ignore line: [Linking CXX executable cmTC_14c29]
  ignore line: [/usr/bin/cmake -E cmake_link_script CMakeFiles/cmTC_14c29.dir/link.txt --verbose=1]
  ignore line: [/usr/bin/g++      -v -rdynamic CMakeFiles/cmTC_14c29.dir/CMakeCXXCompilerABI.cpp.o  -o cmTC_14c29 ]
  ignore line: [Using built-in specs.]
  ignore line: [COLLECT_GCC=/usr/bin/g++]
  ignore line: [COLLECT_LTO_WRAPPER=/usr/lib/gcc/x86_64-linux-gnu/8/lto-wrapper]
  ignore line: [OFFLOAD_TARGET_NAMES=nvptx-none]
  ignore line: [OFFLOAD_TARGET_DEFAULT=1]
  ignore line: [Target: x86_64-linux-gnu]
  ignore line: [Configured with: ../src/configure -v --with-pkgversion='Ubuntu 8.3.0-6ubuntu1~18.10.1' --with-bugurl=file:///usr/share/doc/gcc-8/README.Bugs --enable-languages=c,ada,c++,go,brig,d,fortran,objc,obj-c++ --prefix=/usr --with-gcc-major-version-only --program-suffix=-8 --program-prefix=x86_64-linux-gnu- --enable-shared --enable-linker-build-id --libexecdir=/usr/lib --without-included-gettext --enable-threads=posix --libdir=/usr/lib --enable-nls --enable-bootstrap --enable-clocale=gnu --enable-libstdcxx-debug --enable-libstdcxx-time=yes --with-default-libstdcxx-abi=new --enable-gnu-unique-object --disable-vtable-verify --enable-libmpx --enable-plugin --enable-default-pie --with-system-zlib --with-target-system-zlib --enable-objc-gc=auto --enable-multiarch --disable-werror --with-arch-32=i686 --with-abi=m64 --with-multilib-list=m32,m64,mx32 --enable-multilib --with-tune=generic --enable-offload-targets=nvptx-none --without-cuda-driver --enable-checking=release --build=x86_64-linux-gnu --host=x86_64-linux-gnu --target=x86_64-linux-gnu]
  ignore line: [Thread model: posix]
  ignore line: [gcc version 8.3.0 (Ubuntu 8.3.0-6ubuntu1~18.10.1) ]
  ignore line: [COMPILER_PATH=/usr/lib/gcc/x86_64-linux-gnu/8/:/usr/lib/gcc/x86_64-linux-gnu/8/:/usr/lib/gcc/x86_64-linux-gnu/:/usr/lib/gcc/x86_64-linux-gnu/8/:/usr/lib/gcc/x86_64-linux-gnu/]
  ignore line: [LIBRARY_PATH=/usr/lib/gcc/x86_64-linux-gnu/8/:/usr/lib/gcc/x86_64-linux-gnu/8/../../../x86_64-linux-gnu/:/usr/lib/gcc/x86_64-linux-gnu/8/../../../../lib/:/lib/x86_64-linux-gnu/:/lib/../lib/:/usr/lib/x86_64-linux-gnu/:/usr/lib/../lib/:/usr/lib/gcc/x86_64-linux-gnu/8/../../../:/lib/:/usr/lib/]
  ignore line: [COLLECT_GCC_OPTIONS='-v' '-rdynamic' '-o' 'cmTC_14c29' '-shared-libgcc' '-mtune=generic' '-march=x86-64']
  link line: [ /usr/lib/gcc/x86_64-linux-gnu/8/collect2 -plugin /usr/lib/gcc/x86_64-linux-gnu/8/liblto_plugin.so -plugin-opt=/usr/lib/gcc/x86_64-linux-gnu/8/lto-wrapper -plugin-opt=-fresolution=/tmp/ccZx54cD.res -plugin-opt=-pass-through=-lgcc_s -plugin-opt=-pass-through=-lgcc -plugin-opt=-pass-through=-lc -plugin-opt=-pass-through=-lgcc_s -plugin-opt=-pass-through=-lgcc --build-id --eh-frame-hdr -m elf_x86_64 --hash-style=gnu --as-needed -export-dynamic -dynamic-linker /lib64/ld-linux-x86-64.so.2 -pie -z now -z relro -o cmTC_14c29 /usr/lib/gcc/x86_64-linux-gnu/8/../../../x86_64-linux-gnu/Scrt1.o /usr/lib/gcc/x86_64-linux-gnu/8/../../../x86_64-linux-gnu/crti.o /usr/lib/gcc/x86_64-linux-gnu/8/crtbeginS.o -L/usr/lib/gcc/x86_64-linux-gnu/8 -L/usr/lib/gcc/x86_64-linux-gnu/8/../../../x86_64-linux-gnu -L/usr/lib/gcc/x86_64-linux-gnu/8/../../../../lib -L/lib/x86_64-linux-gnu -L/lib/../lib -L/usr/lib/x86_64-linux-gnu -L/usr/lib/../lib -L/usr/lib/gcc/x86_64-linux-gnu/8/../../.. CMakeFiles/cmTC_14c29.dir/CMakeCXXCompilerABI.cpp.o -lstdc++ -lm -lgcc_s -lgcc -lc -lgcc_s -lgcc /usr/lib/gcc/x86_64-linux-gnu/8/crtendS.o /usr/lib/gcc/x86_64-linux-gnu/8/../../../x86_64-linux-gnu/crtn.o]
    arg [/usr/lib/gcc/x86_64-linux-gnu/8/collect2] ==> ignore
    arg [-plugin] ==> ignore
    arg [/usr/lib/gcc/x86_64-linux-gnu/8/liblto_plugin.so] ==> ignore
    arg [-plugin-opt=/usr/lib/gcc/x86_64-linux-gnu/8/lto-wrapper] ==> ignore
    arg [-plugin-opt=-fresolution=/tmp/ccZx54cD.res] ==> ignore
    arg [-plugin-opt=-pass-through=-lgcc_s] ==> ignore
    arg [-plugin-opt=-pass-through=-lgcc] ==> ignore
    arg [-plugin-opt=-pass-through=-lc] ==> ignore
    arg [-plugin-opt=-pass-through=-lgcc_s] ==> ignore
    arg [-plugin-opt=-pass-through=-lgcc] ==> ignore
    arg [--build-id] ==> ignore
    arg [--eh-frame-hdr] ==> ignore
    arg [-m] ==> ignore
    arg [elf_x86_64] ==> ignore
    arg [--hash-style=gnu] ==> ignore
    arg [--as-needed] ==> ignore
    arg [-export-dynamic] ==> ignore
    arg [-dynamic-linker] ==> ignore
    arg [/lib64/ld-linux-x86-64.so.2] ==> ignore
    arg [-pie] ==> ignore
    arg [-znow] ==> ignore
    arg [-zrelro] ==> ignore
    arg [-o] ==> ignore
    arg [cmTC_14c29] ==> ignore
    arg [/usr/lib/gcc/x86_64-linux-gnu/8/../../../x86_64-linux-gnu/Scrt1.o] ==> ignore
    arg [/usr/lib/gcc/x86_64-linux-gnu/8/../../../x86_64-linux-gnu/crti.o] ==> ignore
    arg [/usr/lib/gcc/x86_64-linux-gnu/8/crtbeginS.o] ==> ignore
    arg [-L/usr/lib/gcc/x86_64-linux-gnu/8] ==> dir [/usr/lib/gcc/x86_64-linux-gnu/8]
    arg [-L/usr/lib/gcc/x86_64-linux-gnu/8/../../../x86_64-linux-gnu] ==> dir [/usr/lib/gcc/x86_64-linux-gnu/8/../../../x86_64-linux-gnu]
    arg [-L/usr/lib/gcc/x86_64-linux-gnu/8/../../../../lib] ==> dir [/usr/lib/gcc/x86_64-linux-gnu/8/../../../../lib]
    arg [-L/lib/x86_64-linux-gnu] ==> dir [/lib/x86_64-linux-gnu]
    arg [-L/lib/../lib] ==> dir [/lib/../lib]
    arg [-L/usr/lib/x86_64-linux-gnu] ==> dir [/usr/lib/x86_64-linux-gnu]
    arg [-L/usr/lib/../lib] ==> dir [/usr/lib/../lib]
    arg [-L/usr/lib/gcc/x86_64-linux-gnu/8/../../..] ==> dir [/usr/lib/gcc/x86_64-linux-gnu/8/../../..]
    arg [CMakeFiles/cmTC_14c29.dir/CMakeCXXCompilerABI.cpp.o] ==> ignore
    arg [-lstdc++] ==> lib [stdc++]
    arg [-lm] ==> lib [m]
    arg [-lgcc_s] ==> lib [gcc_s]
    arg [-lgcc] ==> lib [gcc]
    arg [-lc] ==> lib [c]
    arg [-lgcc_s] ==> lib [gcc_s]
    arg [-lgcc] ==> lib [gcc]
    arg [/usr/lib/gcc/x86_64-linux-gnu/8/crtendS.o] ==> ignore
    arg [/usr/lib/gcc/x86_64-linux-gnu/8/../../../x86_64-linux-gnu/crtn.o] ==> ignore
  collapse library dir [/usr/lib/gcc/x86_64-linux-gnu/8] ==> [/usr/lib/gcc/x86_64-linux-gnu/8]
  collapse library dir [/usr/lib/gcc/x86_64-linux-gnu/8/../../../x86_64-linux-gnu] ==> [/usr/lib/x86_64-linux-gnu]
  collapse library dir [/usr/lib/gcc/x86_64-linux-gnu/8/../../../../lib] ==> [/usr/lib]
  collapse library dir [/lib/x86_64-linux-gnu] ==> [/lib/x86_64-linux-gnu]
  collapse library dir [/lib/../lib] ==> [/lib]
  collapse library dir [/usr/lib/x86_64-linux-gnu] ==> [/usr/lib/x86_64-linux-gnu]
  collapse library dir [/usr/lib/../lib] ==> [/usr/lib]
  collapse library dir [/usr/lib/gcc/x86_64-linux-gnu/8/../../..] ==> [/usr/lib]
  implicit libs: [stdc++;m;gcc_s;gcc;c;gcc_s;gcc]
  implicit dirs: [/usr/lib/gcc/x86_64-linux-gnu/8;/usr/lib/x86_64-linux-gnu;/usr/lib;/lib/x86_64-linux-gnu;/lib]
  implicit fwks: []




Detecting CXX [-std=c++2a] compiler features compiled with the following output:
Change Dir: /media/user/Data/Documents/C-Cpp/C/Terrain/build-ogl-master-Desktop-Default/CMakeFiles/CMakeTmp

Run Build Command:"/usr/bin/make" "cmTC_14941/fast"
/usr/bin/make -f CMakeFiles/cmTC_14941.dir/build.make CMakeFiles/cmTC_14941.dir/build
make[1]: Entering directory '/media/user/Data/Documents/C-Cpp/C/Terrain/build-ogl-master-Desktop-Default/CMakeFiles/CMakeTmp'
Building CXX object CMakeFiles/cmTC_14941.dir/feature_tests.cxx.o
/usr/bin/g++    -std=c++2a -o CMakeFiles/cmTC_14941.dir/feature_tests.cxx.o -c /media/user/Data/Documents/C-Cpp/C/Terrain/build-ogl-master-Desktop-Default/CMakeFiles/feature_tests.cxx
Linking CXX executable cmTC_14941
/usr/bin/cmake -E cmake_link_script CMakeFiles/cmTC_14941.dir/link.txt --verbose=1
/usr/bin/g++       -rdynamic CMakeFiles/cmTC_14941.dir/feature_tests.cxx.o  -o cmTC_14941 
make[1]: Leaving directory '/media/user/Data/Documents/C-Cpp/C/Terrain/build-ogl-master-Desktop-Default/CMakeFiles/CMakeTmp'


    Feature record: CXX_FEATURE:1cxx_aggregate_default_initializers
    Feature record: CXX_FEATURE:1cxx_alias_templates
    Feature record: CXX_FEATURE:1cxx_alignas
    Feature record: CXX_FEATURE:1cxx_alignof
    Feature record: CXX_FEATURE:1cxx_attributes
    Feature record: CXX_FEATURE:1cxx_attribute_deprecated
    Feature record: CXX_FEATURE:1cxx_auto_type
    Feature record: CXX_FEATURE:1cxx_binary_literals
    Feature record: CXX_FEATURE:1cxx_constexpr
    Feature record: CXX_FEATURE:1cxx_contextual_conversions
    Feature record: CXX_FEATURE:1cxx_decltype
    Feature record: CXX_FEATURE:1cxx_decltype_auto
    Feature record: CXX_FEATURE:1cxx_decltype_incomplete_return_types
    Feature record: CXX_FEATURE:1cxx_default_function_template_args
    Feature record: CXX_FEATURE:1cxx_defaulted_functions
    Feature record: CXX_FEATURE:1cxx_defaulted_move_initializers
    Feature record: CXX_FEATURE:1cxx_delegating_constructors
    Feature record: CXX_FEATURE:1cxx_deleted_functions
    Feature record: CXX_FEATURE:1cxx_digit_separators
    Feature record: CXX_FEATURE:1cxx_enum_forward_declarations
    Feature record: CXX_FEATURE:1cxx_explicit_conversions
    Feature record: CXX_FEATURE:1cxx_extended_friend_declarations
    Feature record: CXX_FEATURE:1cxx_extern_templates
    Feature record: CXX_FEATURE:1cxx_final
    Feature record: CXX_FEATURE:1cxx_func_identifier
    Feature record: CXX_FEATURE:1cxx_generalized_initializers
    Feature record: CXX_FEATURE:1cxx_generic_lambdas
    Feature record: CXX_FEATURE:1cxx_inheriting_constructors
    Feature record: CXX_FEATURE:1cxx_inline_namespaces
    Feature record: CXX_FEATURE:1cxx_lambdas
    Feature record: CXX_FEATURE:1cxx_lambda_init_captures
    Feature record: CXX_FEATURE:1cxx_local_type_template_args
    Feature record: CXX_FEATURE:1cxx_long_long_type
    Feature record: CXX_FEATURE:1cxx_noexcept
    Feature record: CXX_FEATURE:1cxx_nonstatic_member_init
    Feature record: CXX_FEATURE:1cxx_nullptr
    Feature record: CXX_FEATURE:1cxx_override
    Feature record: CXX_FEATURE:1cxx_range_for
    Feature record: CXX_FEATURE:1cxx_raw_string_literals
    Feature record: CXX_FEATURE:1cxx_reference_qualified_functions
    Feature record: CXX_FEATURE:1cxx_relaxed_constexpr
    Feature record: CXX_FEATURE:1cxx_return_type_deduction
    Feature record: CXX_FEATURE:1cxx_right_angle_brackets
    Feature record: CXX_FEATURE:1cxx_rvalue_references
    Feature record: CXX_FEATURE:1cxx_sizeof_member
    Feature record: CXX_FEATURE:1cxx_static_assert
    Feature record: CXX_FEATURE:1cxx_strong_enums
    Feature record: CXX_FEATURE:1cxx_template_template_parameters
    Feature record: CXX_FEATURE:1cxx_thread_local
    Feature record: CXX_FEATURE:1cxx_trailing_return_types
    Feature record: CXX_FEATURE:1cxx_unicode_literals
    Feature record: CXX_FEATURE:1cxx_uniform_initialization
    Feature record: CXX_FEATURE:1cxx_unrestricted_unions
    Feature record: CXX_FEATURE:1cxx_user_literals
    Feature record: CXX_FEATURE:1cxx_variable_templates
    Feature record: CXX_FEATURE:1cxx_variadic_macros
    Feature record: CXX_FEATURE:1cxx_variadic_templates


Detecting CXX [-std=c++17] compiler features compiled with the following output:
Change Dir: /media/user/Data/Documents/C-Cpp/C/Terrain/build-ogl-master-Desktop-Default/CMakeFiles/CMakeTmp

Run Build Command:"/usr/bin/make" "cmTC_3c65c/fast"
/usr/bin/make -f CMakeFiles/cmTC_3c65c.dir/build.make CMakeFiles/cmTC_3c65c.dir/build
make[1]: Entering directory '/media/user/Data/Documents/C-Cpp/C/Terrain/build-ogl-master-Desktop-Default/CMakeFiles/CMakeTmp'
Building CXX object CMakeFiles/cmTC_3c65c.dir/feature_tests.cxx.o
/usr/bin/g++    -std=c++17 -o CMakeFiles/cmTC_3c65c.dir/feature_tests.cxx.o -c /media/user/Data/Documents/C-Cpp/C/Terrain/build-ogl-master-Desktop-Default/CMakeFiles/feature_tests.cxx
Linking CXX executable cmTC_3c65c
/usr/bin/cmake -E cmake_link_script CMakeFiles/cmTC_3c65c.dir/link.txt --verbose=1
/usr/bin/g++       -rdynamic CMakeFiles/cmTC_3c65c.dir/feature_tests.cxx.o  -o cmTC_3c65c 
make[1]: Leaving directory '/media/user/Data/Documents/C-Cpp/C/Terrain/build-ogl-master-Desktop-Default/CMakeFiles/CMakeTmp'


    Feature record: CXX_FEATURE:1cxx_aggregate_default_initializers
    Feature record: CXX_FEATURE:1cxx_alias_templates
    Feature record: CXX_FEATURE:1cxx_alignas
    Feature record: CXX_FEATURE:1cxx_alignof
    Feature record: CXX_FEATURE:1cxx_attributes
    Feature record: CXX_FEATURE:1cxx_attribute_deprecated
    Feature record: CXX_FEATURE:1cxx_auto_type
    Feature record: CXX_FEATURE:1cxx_binary_literals
    Feature record: CXX_FEATURE:1cxx_constexpr
    Feature record: CXX_FEATURE:1cxx_contextual_conversions
    Feature record: CXX_FEATURE:1cxx_decltype
    Feature record: CXX_FEATURE:1cxx_decltype_auto
    Feature record: CXX_FEATURE:1cxx_decltype_incomplete_return_types
    Feature record: CXX_FEATURE:1cxx_default_function_template_args
    Feature record: CXX_FEATURE:1cxx_defaulted_functions
    Feature record: CXX_FEATURE:1cxx_defaulted_move_initializers
    Feature record: CXX_FEATURE:1cxx_delegating_constructors
    Feature record: CXX_FEATURE:1cxx_deleted_functions
    Feature record: CXX_FEATURE:1cxx_digit_separators
    Feature record: CXX_FEATURE:1cxx_enum_forward_declarations
    Feature record: CXX_FEATURE:1cxx_explicit_conversions
    Feature record: CXX_FEATURE:1cxx_extended_friend_declarations
    Feature record: CXX_FEATURE:1cxx_extern_templates
    Feature record: CXX_FEATURE:1cxx_final
    Feature record: CXX_FEATURE:1cxx_func_identifier
    Feature record: CXX_FEATURE:1cxx_generalized_initializers
    Feature record: CXX_FEATURE:1cxx_generic_lambdas
    Feature record: CXX_FEATURE:1cxx_inheriting_constructors
    Feature record: CXX_FEATURE:1cxx_inline_namespaces
    Feature record: CXX_FEATURE:1cxx_lambdas
    Feature record: CXX_FEATURE:1cxx_lambda_init_captures
    Feature record: CXX_FEATURE:1cxx_local_type_template_args
    Feature record: CXX_FEATURE:1cxx_long_long_type
    Feature record: CXX_FEATURE:1cxx_noexcept
    Feature record: CXX_FEATURE:1cxx_nonstatic_member_init
    Feature record: CXX_FEATURE:1cxx_nullptr
    Feature record: CXX_FEATURE:1cxx_override
    Feature record: CXX_FEATURE:1cxx_range_for
    Feature record: CXX_FEATURE:1cxx_raw_string_literals
    Feature record: CXX_FEATURE:1cxx_reference_qualified_functions
    Feature record: CXX_FEATURE:1cxx_relaxed_constexpr
    Feature record: CXX_FEATURE:1cxx_return_type_deduction
    Feature record: CXX_FEATURE:1cxx_right_angle_brackets
    Feature record: CXX_FEATURE:1cxx_rvalue_references
    Feature record: CXX_FEATURE:1cxx_sizeof_member
    Feature record: CXX_FEATURE:1cxx_static_assert
    Feature record: CXX_FEATURE:1cxx_strong_enums
    Feature record: CXX_FEATURE:1cxx_template_template_parameters
    Feature record: CXX_FEATURE:1cxx_thread_local
    Feature record: CXX_FEATURE:1cxx_trailing_return_types
    Feature record: CXX_FEATURE:1cxx_unicode_literals
    Feature record: CXX_FEATURE:1cxx_uniform_initialization
    Feature record: CXX_FEATURE:1cxx_unrestricted_unions
    Feature record: CXX_FEATURE:1cxx_user_literals
    Feature record: CXX_FEATURE:1cxx_variable_templates
    Feature record: CXX_FEATURE:1cxx_variadic_macros
    Feature record: CXX_FEATURE:1cxx_variadic_templates


Detecting CXX [-std=c++14] compiler features compiled with the following output:
Change Dir: /media/user/Data/Documents/C-Cpp/C/Terrain/build-ogl-master-Desktop-Default/CMakeFiles/CMakeTmp

Run Build Command:"/usr/bin/make" "cmTC_25ad7/fast"
/usr/bin/make -f CMakeFiles/cmTC_25ad7.dir/build.make CMakeFiles/cmTC_25ad7.dir/build
make[1]: Entering directory '/media/user/Data/Documents/C-Cpp/C/Terrain/build-ogl-master-Desktop-Default/CMakeFiles/CMakeTmp'
Building CXX object CMakeFiles/cmTC_25ad7.dir/feature_tests.cxx.o
/usr/bin/g++    -std=c++14 -o CMakeFiles/cmTC_25ad7.dir/feature_tests.cxx.o -c /media/user/Data/Documents/C-Cpp/C/Terrain/build-ogl-master-Desktop-Default/CMakeFiles/feature_tests.cxx
Linking CXX executable cmTC_25ad7
/usr/bin/cmake -E cmake_link_script CMakeFiles/cmTC_25ad7.dir/link.txt --verbose=1
/usr/bin/g++       -rdynamic CMakeFiles/cmTC_25ad7.dir/feature_tests.cxx.o  -o cmTC_25ad7 
make[1]: Leaving directory '/media/user/Data/Documents/C-Cpp/C/Terrain/build-ogl-master-Desktop-Default/CMakeFiles/CMakeTmp'


    Feature record: CXX_FEATURE:1cxx_aggregate_default_initializers
    Feature record: CXX_FEATURE:1cxx_alias_templates
    Feature record: CXX_FEATURE:1cxx_alignas
    Feature record: CXX_FEATURE:1cxx_alignof
    Feature record: CXX_FEATURE:1cxx_attributes
    Feature record: CXX_FEATURE:1cxx_attribute_deprecated
    Feature record: CXX_FEATURE:1cxx_auto_type
    Feature record: CXX_FEATURE:1cxx_binary_literals
    Feature record: CXX_FEATURE:1cxx_constexpr
    Feature record: CXX_FEATURE:1cxx_contextual_conversions
    Feature record: CXX_FEATURE:1cxx_decltype
    Feature record: CXX_FEATURE:1cxx_decltype_auto
    Feature record: CXX_FEATURE:1cxx_decltype_incomplete_return_types
    Feature record: CXX_FEATURE:1cxx_default_function_template_args
    Feature record: CXX_FEATURE:1cxx_defaulted_functions
    Feature record: CXX_FEATURE:1cxx_defaulted_move_initializers
    Feature record: CXX_FEATURE:1cxx_delegating_constructors
    Feature record: CXX_FEATURE:1cxx_deleted_functions
    Feature record: CXX_FEATURE:1cxx_digit_separators
    Feature record: CXX_FEATURE:1cxx_enum_forward_declarations
    Feature record: CXX_FEATURE:1cxx_explicit_conversions
    Feature record: CXX_FEATURE:1cxx_extended_friend_declarations
    Feature record: CXX_FEATURE:1cxx_extern_templates
    Feature record: CXX_FEATURE:1cxx_final
    Feature record: CXX_FEATURE:1cxx_func_identifier
    Feature record: CXX_FEATURE:1cxx_generalized_initializers
    Feature record: CXX_FEATURE:1cxx_generic_lambdas
    Feature record: CXX_FEATURE:1cxx_inheriting_constructors
    Feature record: CXX_FEATURE:1cxx_inline_namespaces
    Feature record: CXX_FEATURE:1cxx_lambdas
    Feature record: CXX_FEATURE:1cxx_lambda_init_captures
    Feature record: CXX_FEATURE:1cxx_local_type_template_args
    Feature record: CXX_FEATURE:1cxx_long_long_type
    Feature record: CXX_FEATURE:1cxx_noexcept
    Feature record: CXX_FEATURE:1cxx_nonstatic_member_init
    Feature record: CXX_FEATURE:1cxx_nullptr
    Feature record: CXX_FEATURE:1cxx_override
    Feature record: CXX_FEATURE:1cxx_range_for
    Feature record: CXX_FEATURE:1cxx_raw_string_literals
    Feature record: CXX_FEATURE:1cxx_reference_qualified_functions
    Feature record: CXX_FEATURE:1cxx_relaxed_constexpr
    Feature record: CXX_FEATURE:1cxx_return_type_deduction
    Feature record: CXX_FEATURE:1cxx_right_angle_brackets
    Feature record: CXX_FEATURE:1cxx_rvalue_references
    Feature record: CXX_FEATURE:1cxx_sizeof_member
    Feature record: CXX_FEATURE:1cxx_static_assert
    Feature record: CXX_FEATURE:1cxx_strong_enums
    Feature record: CXX_FEATURE:1cxx_template_template_parameters
    Feature record: CXX_FEATURE:1cxx_thread_local
    Feature record: CXX_FEATURE:1cxx_trailing_return_types
    Feature record: CXX_FEATURE:1cxx_unicode_literals
    Feature record: CXX_FEATURE:1cxx_uniform_initialization
    Feature record: CXX_FEATURE:1cxx_unrestricted_unions
    Feature record: CXX_FEATURE:1cxx_user_literals
    Feature record: CXX_FEATURE:1cxx_variable_templates
    Feature record: CXX_FEATURE:1cxx_variadic_macros
    Feature record: CXX_FEATURE:1cxx_variadic_templates


Detecting CXX [-std=c++11] compiler features compiled with the following output:
Change Dir: /media/user/Data/Documents/C-Cpp/C/Terrain/build-ogl-master-Desktop-Default/CMakeFiles/CMakeTmp

Run Build Command:"/usr/bin/make" "cmTC_50182/fast"
/usr/bin/make -f CMakeFiles/cmTC_50182.dir/build.make CMakeFiles/cmTC_50182.dir/build
make[1]: Entering directory '/media/user/Data/Documents/C-Cpp/C/Terrain/build-ogl-master-Desktop-Default/CMakeFiles/CMakeTmp'
Building CXX object CMakeFiles/cmTC_50182.dir/feature_tests.cxx.o
/usr/bin/g++    -std=c++11 -o CMakeFiles/cmTC_50182.dir/feature_tests.cxx.o -c /media/user/Data/Documents/C-Cpp/C/Terrain/build-ogl-master-Desktop-Default/CMakeFiles/feature_tests.cxx
Linking CXX executable cmTC_50182
/usr/bin/cmake -E cmake_link_script CMakeFiles/cmTC_50182.dir/link.txt --verbose=1
/usr/bin/g++       -rdynamic CMakeFiles/cmTC_50182.dir/feature_tests.cxx.o  -o cmTC_50182 
make[1]: Leaving directory '/media/user/Data/Documents/C-Cpp/C/Terrain/build-ogl-master-Desktop-Default/CMakeFiles/CMakeTmp'


    Feature record: CXX_FEATURE:0cxx_aggregate_default_initializers
    Feature record: CXX_FEATURE:1cxx_alias_templates
    Feature record: CXX_FEATURE:1cxx_alignas
    Feature record: CXX_FEATURE:1cxx_alignof
    Feature record: CXX_FEATURE:1cxx_attributes
    Feature record: CXX_FEATURE:0cxx_attribute_deprecated
    Feature record: CXX_FEATURE:1cxx_auto_type
    Feature record: CXX_FEATURE:0cxx_binary_literals
    Feature record: CXX_FEATURE:1cxx_constexpr
    Feature record: CXX_FEATURE:0cxx_contextual_conversions
    Feature record: CXX_FEATURE:1cxx_decltype
    Feature record: CXX_FEATURE:0cxx_decltype_auto
    Feature record: CXX_FEATURE:1cxx_decltype_incomplete_return_types
    Feature record: CXX_FEATURE:1cxx_default_function_template_args
    Feature record: CXX_FEATURE:1cxx_defaulted_functions
    Feature record: CXX_FEATURE:1cxx_defaulted_move_initializers
    Feature record: CXX_FEATURE:1cxx_delegating_constructors
    Feature record: CXX_FEATURE:1cxx_deleted_functions
    Feature record: CXX_FEATURE:0cxx_digit_separators
    Feature record: CXX_FEATURE:1cxx_enum_forward_declarations
    Feature record: CXX_FEATURE:1cxx_explicit_conversions
    Feature record: CXX_FEATURE:1cxx_extended_friend_declarations
    Feature record: CXX_FEATURE:1cxx_extern_templates
    Feature record: CXX_FEATURE:1cxx_final
    Feature record: CXX_FEATURE:1cxx_func_identifier
    Feature record: CXX_FEATURE:1cxx_generalized_initializers
    Feature record: CXX_FEATURE:0cxx_generic_lambdas
    Feature record: CXX_FEATURE:1cxx_inheriting_constructors
    Feature record: CXX_FEATURE:1cxx_inline_namespaces
    Feature record: CXX_FEATURE:1cxx_lambdas
    Feature record: CXX_FEATURE:0cxx_lambda_init_captures
    Feature record: CXX_FEATURE:1cxx_local_type_template_args
    Feature record: CXX_FEATURE:1cxx_long_long_type
    Feature record: CXX_FEATURE:1cxx_noexcept
    Feature record: CXX_FEATURE:1cxx_nonstatic_member_init
    Feature record: CXX_FEATURE:1cxx_nullptr
    Feature record: CXX_FEATURE:1cxx_override
    Feature record: CXX_FEATURE:1cxx_range_for
    Feature record: CXX_FEATURE:1cxx_raw_string_literals
    Feature record: CXX_FEATURE:1cxx_reference_qualified_functions
    Feature record: CXX_FEATURE:0cxx_relaxed_constexpr
    Feature record: CXX_FEATURE:0cxx_return_type_deduction
    Feature record: CXX_FEATURE:1cxx_right_angle_brackets
    Feature record: CXX_FEATURE:1cxx_rvalue_references
    Feature record: CXX_FEATURE:1cxx_sizeof_member
    Feature record: CXX_FEATURE:1cxx_static_assert
    Feature record: CXX_FEATURE:1cxx_strong_enums
    Feature record: CXX_FEATURE:1cxx_template_template_parameters
    Feature record: CXX_FEATURE:1cxx_thread_local
    Feature record: CXX_FEATURE:1cxx_trailing_return_types
    Feature record: CXX_FEATURE:1cxx_unicode_literals
    Feature record: CXX_FEATURE:1cxx_uniform_initialization
    Feature record: CXX_FEATURE:1cxx_unrestricted_unions
    Feature record: CXX_FEATURE:1cxx_user_literals
    Feature record: CXX_FEATURE:0cxx_variable_templates
    Feature record: CXX_FEATURE:1cxx_variadic_macros
    Feature record: CXX_FEATURE:1cxx_variadic_templates


Detecting CXX [-std=c++98] compiler features compiled with the following output:
Change Dir: /media/user/Data/Documents/C-Cpp/C/Terrain/build-ogl-master-Desktop-Default/CMakeFiles/CMakeTmp

Run Build Command:"/usr/bin/make" "cmTC_10afa/fast"
/usr/bin/make -f CMakeFiles/cmTC_10afa.dir/build.make CMakeFiles/cmTC_10afa.dir/build
make[1]: Entering directory '/media/user/Data/Documents/C-Cpp/C/Terrain/build-ogl-master-Desktop-Default/CMakeFiles/CMakeTmp'
Building CXX object CMakeFiles/cmTC_10afa.dir/feature_tests.cxx.o
/usr/bin/g++    -std=c++98 -o CMakeFiles/cmTC_10afa.dir/feature_tests.cxx.o -c /media/user/Data/Documents/C-Cpp/C/Terrain/build-ogl-master-Desktop-Default/CMakeFiles/feature_tests.cxx
Linking CXX executable cmTC_10afa
/usr/bin/cmake -E cmake_link_script CMakeFiles/cmTC_10afa.dir/link.txt --verbose=1
/usr/bin/g++       -rdynamic CMakeFiles/cmTC_10afa.dir/feature_tests.cxx.o  -o cmTC_10afa 
make[1]: Leaving directory '/media/user/Data/Documents/C-Cpp/C/Terrain/build-ogl-master-Desktop-Default/CMakeFiles/CMakeTmp'


    Feature record: CXX_FEATURE:0cxx_aggregate_default_initializers
    Feature record: CXX_FEATURE:0cxx_alias_templates
    Feature record: CXX_FEATURE:0cxx_alignas
    Feature record: CXX_FEATURE:0cxx_alignof
    Feature record: CXX_FEATURE:0cxx_attributes
    Feature record: CXX_FEATURE:0cxx_attribute_deprecated
    Feature record: CXX_FEATURE:0cxx_auto_type
    Feature record: CXX_FEATURE:0cxx_binary_literals
    Feature record: CXX_FEATURE:0cxx_constexpr
    Feature record: CXX_FEATURE:0cxx_contextual_conversions
    Feature record: CXX_FEATURE:0cxx_decltype
    Feature record: CXX_FEATURE:0cxx_decltype_auto
    Feature record: CXX_FEATURE:0cxx_decltype_incomplete_return_types
    Feature record: CXX_FEATURE:0cxx_default_function_template_args
    Feature record: CXX_FEATURE:0cxx_defaulted_functions
    Feature record: CXX_FEATURE:0cxx_defaulted_move_initializers
    Feature record: CXX_FEATURE:0cxx_delegating_constructors
    Feature record: CXX_FEATURE:0cxx_deleted_functions
    Feature record: CXX_FEATURE:0cxx_digit_separators
    Feature record: CXX_FEATURE:0cxx_enum_forward_declarations
    Feature record: CXX_FEATURE:0cxx_explicit_conversions
    Feature record: CXX_FEATURE:0cxx_extended_friend_declarations
    Feature record: CXX_FEATURE:0cxx_extern_templates
    Feature record: CXX_FEATURE:0cxx_final
    Feature record: CXX_FEATURE:0cxx_func_identifier
    Feature record: CXX_FEATURE:0cxx_generalized_initializers
    Feature record: CXX_FEATURE:0cxx_generic_lambdas
    Feature record: CXX_FEATURE:0cxx_inheriting_constructors
    Feature record: CXX_FEATURE:0cxx_inline_namespaces
    Feature record: CXX_FEATURE:0cxx_lambdas
    Feature record: CXX_FEATURE:0cxx_lambda_init_captures
    Feature record: CXX_FEATURE:0cxx_local_type_template_args
    Feature record: CXX_FEATURE:0cxx_long_long_type
    Feature record: CXX_FEATURE:0cxx_noexcept
    Feature record: CXX_FEATURE:0cxx_nonstatic_member_init
    Feature record: CXX_FEATURE:0cxx_nullptr
    Feature record: CXX_FEATURE:0cxx_override
    Feature record: CXX_FEATURE:0cxx_range_for
    Feature record: CXX_FEATURE:0cxx_raw_string_literals
    Feature record: CXX_FEATURE:0cxx_reference_qualified_functions
    Feature record: CXX_FEATURE:0cxx_relaxed_constexpr
    Feature record: CXX_FEATURE:0cxx_return_type_deduction
    Feature record: CXX_FEATURE:0cxx_right_angle_brackets
    Feature record: CXX_FEATURE:0cxx_rvalue_references
    Feature record: CXX_FEATURE:0cxx_sizeof_member
    Feature record: CXX_FEATURE:0cxx_static_assert
    Feature record: CXX_FEATURE:0cxx_strong_enums
    Feature record: CXX_FEATURE:1cxx_template_template_parameters
    Feature record: CXX_FEATURE:0cxx_thread_local
    Feature record: CXX_FEATURE:0cxx_trailing_return_types
    Feature record: CXX_FEATURE:0cxx_unicode_literals
    Feature record: CXX_FEATURE:0cxx_uniform_initialization
    Feature record: CXX_FEATURE:0cxx_unrestricted_unions
    Feature record: CXX_FEATURE:0cxx_user_literals
    Feature record: CXX_FEATURE:0cxx_variable_templates
    Feature record: CXX_FEATURE:0cxx_variadic_macros
    Feature record: CXX_FEATURE:0cxx_variadic_templates
Determining if the include file pthread.h exists passed with the following output:
Change Dir: /media/user/Data/Documents/C-Cpp/C/Terrain/build-ogl-master-Desktop-Default/CMakeFiles/CMakeTmp

Run Build Command:"/usr/bin/make" "cmTC_20ec2/fast"
/usr/bin/make -f CMakeFiles/cmTC_20ec2.dir/build.make CMakeFiles/cmTC_20ec2.dir/build
make[1]: Entering directory '/media/user/Data/Documents/C-Cpp/C/Terrain/build-ogl-master-Desktop-Default/CMakeFiles/CMakeTmp'
Building C object CMakeFiles/cmTC_20ec2.dir/CheckIncludeFile.c.o
/usr/bin/gcc    -o CMakeFiles/cmTC_20ec2.dir/CheckIncludeFile.c.o   -c /media/user/Data/Documents/C-Cpp/C/Terrain/build-ogl-master-Desktop-Default/CMakeFiles/CMakeTmp/CheckIncludeFile.c
Linking C executable cmTC_20ec2
/usr/bin/cmake -E cmake_link_script CMakeFiles/cmTC_20ec2.dir/link.txt --verbose=1
/usr/bin/gcc      -rdynamic CMakeFiles/cmTC_20ec2.dir/CheckIncludeFile.c.o  -o cmTC_20ec2 
make[1]: Leaving directory '/media/user/Data/Documents/C-Cpp/C/Terrain/build-ogl-master-Desktop-Default/CMakeFiles/CMakeTmp'


Determining if the function pthread_create exists in the pthread passed with the following output:
Change Dir: /media/user/Data/Documents/C-Cpp/C/Terrain/build-ogl-master-Desktop-Default/CMakeFiles/CMakeTmp

Run Build Command:"/usr/bin/make" "cmTC_11f06/fast"
/usr/bin/make -f CMakeFiles/cmTC_11f06.dir/build.make CMakeFiles/cmTC_11f06.dir/build
make[1]: Entering directory '/media/user/Data/Documents/C-Cpp/C/Terrain/build-ogl-master-Desktop-Default/CMakeFiles/CMakeTmp'
Building C object CMakeFiles/cmTC_11f06.dir/CheckFunctionExists.c.o
/usr/bin/gcc   -DCHECK_FUNCTION_EXISTS=pthread_create   -o CMakeFiles/cmTC_11f06.dir/CheckFunctionExists.c.o   -c /usr/share/cmake-3.12/Modules/CheckFunctionExists.c
Linking C executable cmTC_11f06
/usr/bin/cmake -E cmake_link_script CMakeFiles/cmTC_11f06.dir/link.txt --verbose=1
/usr/bin/gcc  -DCHECK_FUNCTION_EXISTS=pthread_create    -rdynamic CMakeFiles/cmTC_11f06.dir/CheckFunctionExists.c.o  -o cmTC_11f06 -lpthread 
make[1]: Leaving directory '/media/user/Data/Documents/C-Cpp/C/Terrain/build-ogl-master-Desktop-Default/CMakeFiles/CMakeTmp'


Determining if the function XOpenDisplay exists in the /usr/lib/x86_64-linux-gnu/libX11.so;/usr/lib/x86_64-linux-gnu/libXext.so passed with the following output:
Change Dir: /media/user/Data/Documents/C-Cpp/C/Terrain/build-ogl-master-Desktop-Default/CMakeFiles/CMakeTmp

Run Build Command:"/usr/bin/make" "cmTC_cafa7/fast"
/usr/bin/make -f CMakeFiles/cmTC_cafa7.dir/build.make CMakeFiles/cmTC_cafa7.dir/build
make[1]: Entering directory '/media/user/Data/Documents/C-Cpp/C/Terrain/build-ogl-master-Desktop-Default/CMakeFiles/CMakeTmp'
Building C object CMakeFiles/cmTC_cafa7.dir/CheckFunctionExists.c.o
/usr/bin/gcc   -DCHECK_FUNCTION_EXISTS=XOpenDisplay   -o CMakeFiles/cmTC_cafa7.dir/CheckFunctionExists.c.o   -c /usr/share/cmake-3.12/Modules/CheckFunctionExists.c
Linking C executable cmTC_cafa7
/usr/bin/cmake -E cmake_link_script CMakeFiles/cmTC_cafa7.dir/link.txt --verbose=1
/usr/bin/gcc  -DCHECK_FUNCTION_EXISTS=XOpenDisplay    -rdynamic CMakeFiles/cmTC_cafa7.dir/CheckFunctionExists.c.o  -o cmTC_cafa7 /usr/lib/x86_64-linux-gnu/libX11.so /usr/lib/x86_64-linux-gnu/libXext.so 
make[1]: Leaving directory '/media/user/Data/Documents/C-Cpp/C/Terrain/build-ogl-master-Desktop-Default/CMakeFiles/CMakeTmp'


Determining if the function gethostbyname exists passed with the following output:
Change Dir: /media/user/Data/Documents/C-Cpp/C/Terrain/build-ogl-master-Desktop-Default/CMakeFiles/CMakeTmp

Run Build Command:"/usr/bin/make" "cmTC_206ad/fast"
/usr/bin/make -f CMakeFiles/cmTC_206ad.dir/build.make CMakeFiles/cmTC_206ad.dir/build
make[1]: Entering directory '/media/user/Data/Documents/C-Cpp/C/Terrain/build-ogl-master-Desktop-Default/CMakeFiles/CMakeTmp'
Building C object CMakeFiles/cmTC_206ad.dir/CheckFunctionExists.c.o
/usr/bin/gcc   -DCHECK_FUNCTION_EXISTS=gethostbyname   -o CMakeFiles/cmTC_206ad.dir/CheckFunctionExists.c.o   -c /usr/share/cmake-3.12/Modules/CheckFunctionExists.c
Linking C executable cmTC_206ad
/usr/bin/cmake -E cmake_link_script CMakeFiles/cmTC_206ad.dir/link.txt --verbose=1
/usr/bin/gcc  -DCHECK_FUNCTION_EXISTS=gethostbyname    -rdynamic CMakeFiles/cmTC_206ad.dir/CheckFunctionExists.c.o  -o cmTC_206ad 
make[1]: Leaving directory '/media/user/Data/Documents/C-Cpp/C/Terrain/build-ogl-master-Desktop-Default/CMakeFiles/CMakeTmp'


Determining if the function connect exists passed with the following output:
Change Dir: /media/user/Data/Documents/C-Cpp/C/Terrain/build-ogl-master-Desktop-Default/CMakeFiles/CMakeTmp

Run Build Command:"/usr/bin/make" "cmTC_0311a/fast"
/usr/bin/make -f CMakeFiles/cmTC_0311a.dir/build.make CMakeFiles/cmTC_0311a.dir/build
make[1]: Entering directory '/media/user/Data/Documents/C-Cpp/C/Terrain/build-ogl-master-Desktop-Default/CMakeFiles/CMakeTmp'
Building C object CMakeFiles/cmTC_0311a.dir/CheckFunctionExists.c.o
/usr/bin/gcc   -DCHECK_FUNCTION_EXISTS=connect   -o CMakeFiles/cmTC_0311a.dir/CheckFunctionExists.c.o   -c /usr/share/cmake-3.12/Modules/CheckFunctionExists.c
Linking C executable cmTC_0311a
/usr/bin/cmake -E cmake_link_script CMakeFiles/cmTC_0311a.dir/link.txt --verbose=1
/usr/bin/gcc  -DCHECK_FUNCTION_EXISTS=connect    -rdynamic CMakeFiles/cmTC_0311a.dir/CheckFunctionExists.c.o  -o cmTC_0311a 
make[1]: Leaving directory '/media/user/Data/Documents/C-Cpp/C/Terrain/build-ogl-master-Desktop-Default/CMakeFiles/CMakeTmp'


Determining if the function remove exists passed with the following output:
Change Dir: /media/user/Data/Documents/C-Cpp/C/Terrain/build-ogl-master-Desktop-Default/CMakeFiles/CMakeTmp

Run Build Command:"/usr/bin/make" "cmTC_9260e/fast"
/usr/bin/make -f CMakeFiles/cmTC_9260e.dir/build.make CMakeFiles/cmTC_9260e.dir/build
make[1]: Entering directory '/media/user/Data/Documents/C-Cpp/C/Terrain/build-ogl-master-Desktop-Default/CMakeFiles/CMakeTmp'
Building C object CMakeFiles/cmTC_9260e.dir/CheckFunctionExists.c.o
/usr/bin/gcc   -DCHECK_FUNCTION_EXISTS=remove   -o CMakeFiles/cmTC_9260e.dir/CheckFunctionExists.c.o   -c /usr/share/cmake-3.12/Modules/CheckFunctionExists.c
Linking C executable cmTC_9260e
/usr/bin/cmake -E cmake_link_script CMakeFiles/cmTC_9260e.dir/link.txt --verbose=1
/usr/bin/gcc  -DCHECK_FUNCTION_EXISTS=remove    -rdynamic CMakeFiles/cmTC_9260e.dir/CheckFunctionExists.c.o  -o cmTC_9260e 
make[1]: Leaving directory '/media/user/Data/Documents/C-Cpp/C/Terrain/build-ogl-master-Desktop-Default/CMakeFiles/CMakeTmp'


Determining if the function shmat exists passed with the following output:
Change Dir: /media/user/Data/Documents/C-Cpp/C/Terrain/build-ogl-master-Desktop-Default/CMakeFiles/CMakeTmp

Run Build Command:"/usr/bin/make" "cmTC_035f1/fast"
/usr/bin/make -f CMakeFiles/cmTC_035f1.dir/build.make CMakeFiles/cmTC_035f1.dir/build
make[1]: Entering directory '/media/user/Data/Documents/C-Cpp/C/Terrain/build-ogl-master-Desktop-Default/CMakeFiles/CMakeTmp'
Building C object CMakeFiles/cmTC_035f1.dir/CheckFunctionExists.c.o
/usr/bin/gcc   -DCHECK_FUNCTION_EXISTS=shmat   -o CMakeFiles/cmTC_035f1.dir/CheckFunctionExists.c.o   -c /usr/share/cmake-3.12/Modules/CheckFunctionExists.c
Linking C executable cmTC_035f1
/usr/bin/cmake -E cmake_link_script CMakeFiles/cmTC_035f1.dir/link.txt --verbose=1
/usr/bin/gcc  -DCHECK_FUNCTION_EXISTS=shmat    -rdynamic CMakeFiles/cmTC_035f1.dir/CheckFunctionExists.c.o  -o cmTC_035f1 
make[1]: Leaving directory '/media/user/Data/Documents/C-Cpp/C/Terrain/build-ogl-master-Desktop-Default/CMakeFiles/CMakeTmp'


Determining if the function IceConnectionNumber exists in the ICE passed with the following output:
Change Dir: /media/user/Data/Documents/C-Cpp/C/Terrain/build-ogl-master-Desktop-Default/CMakeFiles/CMakeTmp

Run Build Command:"/usr/bin/make" "cmTC_92aa5/fast"
/usr/bin/make -f CMakeFiles/cmTC_92aa5.dir/build.make CMakeFiles/cmTC_92aa5.dir/build
make[1]: Entering directory '/media/user/Data/Documents/C-Cpp/C/Terrain/build-ogl-master-Desktop-Default/CMakeFiles/CMakeTmp'
Building C object CMakeFiles/cmTC_92aa5.dir/CheckFunctionExists.c.o
/usr/bin/gcc   -DCHECK_FUNCTION_EXISTS=IceConnectionNumber   -o CMakeFiles/cmTC_92aa5.dir/CheckFunctionExists.c.o   -c /usr/share/cmake-3.12/Modules/CheckFunctionExists.c
Linking C executable cmTC_92aa5
/usr/bin/cmake -E cmake_link_script CMakeFiles/cmTC_92aa5.dir/link.txt --verbose=1
/usr/bin/gcc  -DCHECK_FUNCTION_EXISTS=IceConnectionNumber    -rdynamic CMakeFiles/cmTC_92aa5.dir/CheckFunctionExists.c.o  -o cmTC_92aa5 -lICE 
make[1]: Leaving directory '/media/user/Data/Documents/C-Cpp/C/Terrain/build-ogl-master-Desktop-Default/CMakeFiles/CMakeTmp'


Determining if the include file sys/types.h exists passed with the following output:
Change Dir: /media/user/Data/Documents/C-Cpp/C/Terrain/build-ogl-master-Desktop-Default/CMakeFiles/CMakeTmp

Run Build Command:"/usr/bin/make" "cmTC_ea209/fast"
/usr/bin/make -f CMakeFiles/cmTC_ea209.dir/build.make CMakeFiles/cmTC_ea209.dir/build
make[1]: Entering directory '/media/user/Data/Documents/C-Cpp/C/Terrain/build-ogl-master-Desktop-Default/CMakeFiles/CMakeTmp'
Building C object CMakeFiles/cmTC_ea209.dir/CheckIncludeFile.c.o
/usr/bin/gcc    -o CMakeFiles/cmTC_ea209.dir/CheckIncludeFile.c.o   -c /media/user/Data/Documents/C-Cpp/C/Terrain/build-ogl-master-Desktop-Default/CMakeFiles/CMakeTmp/CheckIncludeFile.c
Linking C executable cmTC_ea209
/usr/bin/cmake -E cmake_link_script CMakeFiles/cmTC_ea209.dir/link.txt --verbose=1
/usr/bin/gcc      -rdynamic CMakeFiles/cmTC_ea209.dir/CheckIncludeFile.c.o  -o cmTC_ea209 
make[1]: Leaving directory '/media/user/Data/Documents/C-Cpp/C/Terrain/build-ogl-master-Desktop-Default/CMakeFiles/CMakeTmp'


Determining if the include file stdint.h exists passed with the following output:
Change Dir: /media/user/Data/Documents/C-Cpp/C/Terrain/build-ogl-master-Desktop-Default/CMakeFiles/CMakeTmp

Run Build Command:"/usr/bin/make" "cmTC_29759/fast"
/usr/bin/make -f CMakeFiles/cmTC_29759.dir/build.make CMakeFiles/cmTC_29759.dir/build
make[1]: Entering directory '/media/user/Data/Documents/C-Cpp/C/Terrain/build-ogl-master-Desktop-Default/CMakeFiles/CMakeTmp'
Building C object CMakeFiles/cmTC_29759.dir/CheckIncludeFile.c.o
/usr/bin/gcc    -o CMakeFiles/cmTC_29759.dir/CheckIncludeFile.c.o   -c /media/user/Data/Documents/C-Cpp/C/Terrain/build-ogl-master-Desktop-Default/CMakeFiles/CMakeTmp/CheckIncludeFile.c
Linking C executable cmTC_29759
/usr/bin/cmake -E cmake_link_script CMakeFiles/cmTC_29759.dir/link.txt --verbose=1
/usr/bin/gcc      -rdynamic CMakeFiles/cmTC_29759.dir/CheckIncludeFile.c.o  -o cmTC_29759 
make[1]: Leaving directory '/media/user/Data/Documents/C-Cpp/C/Terrain/build-ogl-master-Desktop-Default/CMakeFiles/CMakeTmp'


Determining if the include file stddef.h exists passed with the following output:
Change Dir: /media/user/Data/Documents/C-Cpp/C/Terrain/build-ogl-master-Desktop-Default/CMakeFiles/CMakeTmp

Run Build Command:"/usr/bin/make" "cmTC_ac4bb/fast"
/usr/bin/make -f CMakeFiles/cmTC_ac4bb.dir/build.make CMakeFiles/cmTC_ac4bb.dir/build
make[1]: Entering directory '/media/user/Data/Documents/C-Cpp/C/Terrain/build-ogl-master-Desktop-Default/CMakeFiles/CMakeTmp'
Building C object CMakeFiles/cmTC_ac4bb.dir/CheckIncludeFile.c.o
/usr/bin/gcc    -o CMakeFiles/cmTC_ac4bb.dir/CheckIncludeFile.c.o   -c /media/user/Data/Documents/C-Cpp/C/Terrain/build-ogl-master-Desktop-Default/CMakeFiles/CMakeTmp/CheckIncludeFile.c
Linking C executable cmTC_ac4bb
/usr/bin/cmake -E cmake_link_script CMakeFiles/cmTC_ac4bb.dir/link.txt --verbose=1
/usr/bin/gcc      -rdynamic CMakeFiles/cmTC_ac4bb.dir/CheckIncludeFile.c.o  -o cmTC_ac4bb 
make[1]: Leaving directory '/media/user/Data/Documents/C-Cpp/C/Terrain/build-ogl-master-Desktop-Default/CMakeFiles/CMakeTmp'


Determining size of off64_t passed with the following output:
Change Dir: /media/user/Data/Documents/C-Cpp/C/Terrain/build-ogl-master-Desktop-Default/CMakeFiles/CMakeTmp

Run Build Command:"/usr/bin/make" "cmTC_0486f/fast"
/usr/bin/make -f CMakeFiles/cmTC_0486f.dir/build.make CMakeFiles/cmTC_0486f.dir/build
make[1]: Entering directory '/media/user/Data/Documents/C-Cpp/C/Terrain/build-ogl-master-Desktop-Default/CMakeFiles/CMakeTmp'
Building C object CMakeFiles/cmTC_0486f.dir/OFF64_T.c.o
/usr/bin/gcc -DHAVE_STDDEF_H -DHAVE_STDINT_H -DHAVE_SYS_TYPES_H -D_LARGEFILE64_SOURCE=1   -o CMakeFiles/cmTC_0486f.dir/OFF64_T.c.o   -c /media/user/Data/Documents/C-Cpp/C/Terrain/build-ogl-master-Desktop-Default/CMakeFiles/CheckTypeSize/OFF64_T.c
Linking C executable cmTC_0486f
/usr/bin/cmake -E cmake_link_script CMakeFiles/cmTC_0486f.dir/link.txt --verbose=1
/usr/bin/gcc      -rdynamic CMakeFiles/cmTC_0486f.dir/OFF64_T.c.o  -o cmTC_0486f 
make[1]: Leaving directory '/media/user/Data/Documents/C-Cpp/C/Terrain/build-ogl-master-Desktop-Default/CMakeFiles/CMakeTmp'


Determining if the function fseeko exists passed with the following output:
Change Dir: /media/user/Data/Documents/C-Cpp/C/Terrain/build-ogl-master-Desktop-Default/CMakeFiles/CMakeTmp

Run Build Command:"/usr/bin/make" "cmTC_aaaa3/fast"
/usr/bin/make -f CMakeFiles/cmTC_aaaa3.dir/build.make CMakeFiles/cmTC_aaaa3.dir/build
make[1]: Entering directory '/media/user/Data/Documents/C-Cpp/C/Terrain/build-ogl-master-Desktop-Default/CMakeFiles/CMakeTmp'
Building C object CMakeFiles/cmTC_aaaa3.dir/CheckFunctionExists.c.o
/usr/bin/gcc   -DCHECK_FUNCTION_EXISTS=fseeko   -o CMakeFiles/cmTC_aaaa3.dir/CheckFunctionExists.c.o   -c /usr/share/cmake-3.12/Modules/CheckFunctionExists.c
Linking C executable cmTC_aaaa3
/usr/bin/cmake -E cmake_link_script CMakeFiles/cmTC_aaaa3.dir/link.txt --verbose=1
/usr/bin/gcc  -DCHECK_FUNCTION_EXISTS=fseeko    -rdynamic CMakeFiles/cmTC_aaaa3.dir/CheckFunctionExists.c.o  -o cmTC_aaaa3 
make[1]: Leaving directory '/media/user/Data/Documents/C-Cpp/C/Terrain/build-ogl-master-Desktop-Default/CMakeFiles/CMakeTmp'


Determining if the include file unistd.h exists passed with the following output:
Change Dir: /media/user/Data/Documents/C-Cpp/C/Terrain/build-ogl-master-Desktop-Default/CMakeFiles/CMakeTmp

Run Build Command:"/usr/bin/make" "cmTC_748ff/fast"
/usr/bin/make -f CMakeFiles/cmTC_748ff.dir/build.make CMakeFiles/cmTC_748ff.dir/build
make[1]: Entering directory '/media/user/Data/Documents/C-Cpp/C/Terrain/build-ogl-master-Desktop-Default/CMakeFiles/CMakeTmp'
Building C object CMakeFiles/cmTC_748ff.dir/CheckIncludeFile.c.o
/usr/bin/gcc    -o CMakeFiles/cmTC_748ff.dir/CheckIncludeFile.c.o   -c /media/user/Data/Documents/C-Cpp/C/Terrain/build-ogl-master-Desktop-Default/CMakeFiles/CMakeTmp/CheckIncludeFile.c
Linking C executable cmTC_748ff
/usr/bin/cmake -E cmake_link_script CMakeFiles/cmTC_748ff.dir/link.txt --verbose=1
/usr/bin/gcc      -rdynamic CMakeFiles/cmTC_748ff.dir/CheckIncludeFile.c.o  -o cmTC_748ff 
make[1]: Leaving directory '/media/user/Data/Documents/C-Cpp/C/Terrain/build-ogl-master-Desktop-Default/CMakeFiles/CMakeTmp'


